This file contains any messages produced by compilers while
running configure, to aid debugging if configure makes a mistake.

It was created by FULL-PACKAGE-NAME configure VERSION, which was
generated by GNU Autoconf 2.59.  Invocation command line was

  $ ./configure 

## --------- ##
## Platform. ##
## --------- ##

hostname = localhost.localdomain
uname -m = i686
uname -r = 2.6.14-1.1656_FC4
uname -s = Linux
uname -v = #1 Thu Jan 5 22:13:22 EST 2006

/usr/bin/uname -p = unknown
/bin/uname -X     = unknown

/bin/arch              = i686
/usr/bin/arch -k       = unknown
/usr/convex/getsysinfo = unknown
hostinfo               = unknown
/bin/machine           = unknown
/usr/bin/oslevel       = unknown
/bin/universe          = unknown

PATH: /usr/kerberos/sbin
PATH: /usr/kerberos/bin
PATH: /usr/local/sbin
PATH: /usr/local/bin
PATH: /sbin
PATH: /bin
PATH: /usr/sbin
PATH: /usr/bin
PATH: /usr/X11R6/bin
PATH: /root/bin


## ----------- ##
## Core tests. ##
## ----------- ##

configure:1364: checking for gcc
configure:1380: found /usr/bin/gcc
configure:1390: result: gcc
configure:1634: checking for C compiler version
configure:1637: gcc --version </dev/null >&5
gcc (GCC) 4.0.0 20050519 (Red Hat 4.0.0-8)
Copyright (C) 2005 Free Software Foundation, Inc.
This is free software; see the source for copying conditions.  There is NO
warranty; not even for MERCHANTABILITY or FITNESS FOR A PARTICULAR PURPOSE.

configure:1640: $? = 0
configure:1642: gcc -v </dev/null >&5
Using built-in specs.
Target: i386-redhat-linux
Configured with: ../configure --prefix=/usr --mandir=/usr/share/man --infodir=/usr/share/info --enable-shared --enable-threads=posix --enable-checking=release --with-system-zlib --enable-__cxa_atexit --disable-libunwind-exceptions --enable-libgcj-multifile --enable-languages=c,c++,objc,java,f95,ada --enable-java-awt=gtk --with-java-home=/usr/lib/jvm/java-1.4.2-gcj-1.4.2.0/jre --host=i386-redhat-linux
Thread model: posix
gcc version 4.0.0 20050519 (Red Hat 4.0.0-8)
configure:1645: $? = 0
configure:1647: gcc -V </dev/null >&5
gcc: '-V' option must have argument
configure:1650: $? = 1
configure:1673: checking for C compiler default output file name
configure:1676: gcc    conftest.c  >&5
configure:1679: $? = 0
configure:1725: result: a.out
configure:1730: checking whether the C compiler works
configure:1736: ./a.out
configure:1739: $? = 0
configure:1756: result: yes
configure:1763: checking whether we are cross compiling
configure:1765: result: no
configure:1768: checking for suffix of executables
configure:1770: gcc -o conftest    conftest.c  >&5
configure:1773: $? = 0
configure:1798: result: 
configure:1804: checking for suffix of object files
configure:1825: gcc -c   conftest.c >&5
configure:1828: $? = 0
configure:1850: result: o
configure:1854: checking whether we are using the GNU C compiler
configure:1878: gcc -c   conftest.c >&5
configure:1884: $? = 0
configure:1888: test -z 
			 || test ! -s conftest.err
configure:1891: $? = 0
configure:1894: test -s conftest.o
configure:1897: $? = 0
configure:1910: result: yes
configure:1916: checking whether gcc accepts -g
configure:1937: gcc -c -g  conftest.c >&5
configure:1943: $? = 0
configure:1947: test -z 
			 || test ! -s conftest.err
configure:1950: $? = 0
configure:1953: test -s conftest.o
configure:1956: $? = 0
configure:1967: result: yes
configure:1984: checking for gcc option to accept ANSI C
configure:2054: gcc  -c -g -O2  conftest.c >&5
configure:2060: $? = 0
configure:2064: test -z 
			 || test ! -s conftest.err
configure:2067: $? = 0
configure:2070: test -s conftest.o
configure:2073: $? = 0
configure:2091: result: none needed
configure:2109: gcc -c -g -O2  conftest.c >&5
conftest.c:2: error: syntax error before 'me'
configure:2115: $? = 1
configure: failed program was:
| #ifndef __cplusplus
|   choke me
| #endif
configure:2258: checking how to run the C preprocessor
configure:2293: gcc -E  conftest.c
configure:2299: $? = 0
configure:2331: gcc -E  conftest.c
conftest.c:9:28: error: ac_nonexistent.h: No such file or directory
configure:2337: $? = 1
configure: failed program was:
| /* confdefs.h.  */
| 
| #define PACKAGE_NAME "FULL-PACKAGE-NAME"
| #define PACKAGE_TARNAME "full-package-name"
| #define PACKAGE_VERSION "VERSION"
| #define PACKAGE_STRING "FULL-PACKAGE-NAME VERSION"
| #define PACKAGE_BUGREPORT "BUG-REPORT-ADDRESS"
| /* end confdefs.h.  */
| #include <ac_nonexistent.h>
configure:2376: result: gcc -E
configure:2400: gcc -E  conftest.c
configure:2406: $? = 0
configure:2438: gcc -E  conftest.c
conftest.c:9:28: error: ac_nonexistent.h: No such file or directory
configure:2444: $? = 1
configure: failed program was:
| /* confdefs.h.  */
| 
| #define PACKAGE_NAME "FULL-PACKAGE-NAME"
| #define PACKAGE_TARNAME "full-package-name"
| #define PACKAGE_VERSION "VERSION"
| #define PACKAGE_STRING "FULL-PACKAGE-NAME VERSION"
| #define PACKAGE_BUGREPORT "BUG-REPORT-ADDRESS"
| /* end confdefs.h.  */
| #include <ac_nonexistent.h>
configure:2488: checking for egrep
configure:2498: result: grep -E
configure:2503: checking for ANSI C header files
configure:2528: gcc -c -g -O2  conftest.c >&5
configure:2534: $? = 0
configure:2538: test -z 
			 || test ! -s conftest.err
configure:2541: $? = 0
configure:2544: test -s conftest.o
configure:2547: $? = 0
configure:2636: gcc -o conftest -g -O2   conftest.c  >&5
conftest.c: In function 'main':
conftest.c:26: warning: incompatible implicit declaration of built-in function 'exit'
configure:2639: $? = 0
configure:2641: ./conftest
configure:2644: $? = 0
configure:2659: result: yes
configure:2683: checking for sys/types.h
configure:2699: gcc -c -g -O2  conftest.c >&5
configure:2705: $? = 0
configure:2709: test -z 
			 || test ! -s conftest.err
configure:2712: $? = 0
configure:2715: test -s conftest.o
configure:2718: $? = 0
configure:2729: result: yes
configure:2683: checking for sys/stat.h
configure:2699: gcc -c -g -O2  conftest.c >&5
configure:2705: $? = 0
configure:2709: test -z 
			 || test ! -s conftest.err
configure:2712: $? = 0
configure:2715: test -s conftest.o
configure:2718: $? = 0
configure:2729: result: yes
configure:2683: checking for stdlib.h
configure:2699: gcc -c -g -O2  conftest.c >&5
configure:2705: $? = 0
configure:2709: test -z 
			 || test ! -s conftest.err
configure:2712: $? = 0
configure:2715: test -s conftest.o
configure:2718: $? = 0
configure:2729: result: yes
configure:2683: checking for string.h
configure:2699: gcc -c -g -O2  conftest.c >&5
configure:2705: $? = 0
configure:2709: test -z 
			 || test ! -s conftest.err
configure:2712: $? = 0
configure:2715: test -s conftest.o
configure:2718: $? = 0
configure:2729: result: yes
configure:2683: checking for memory.h
configure:2699: gcc -c -g -O2  conftest.c >&5
configure:2705: $? = 0
configure:2709: test -z 
			 || test ! -s conftest.err
configure:2712: $? = 0
configure:2715: test -s conftest.o
configure:2718: $? = 0
configure:2729: result: yes
configure:2683: checking for strings.h
configure:2699: gcc -c -g -O2  conftest.c >&5
configure:2705: $? = 0
configure:2709: test -z 
			 || test ! -s conftest.err
configure:2712: $? = 0
configure:2715: test -s conftest.o
configure:2718: $? = 0
configure:2729: result: yes
configure:2683: checking for inttypes.h
configure:2699: gcc -c -g -O2  conftest.c >&5
configure:2705: $? = 0
configure:2709: test -z 
			 || test ! -s conftest.err
configure:2712: $? = 0
configure:2715: test -s conftest.o
configure:2718: $? = 0
configure:2729: result: yes
configure:2683: checking for stdint.h
configure:2699: gcc -c -g -O2  conftest.c >&5
configure:2705: $? = 0
configure:2709: test -z 
			 || test ! -s conftest.err
configure:2712: $? = 0
configure:2715: test -s conftest.o
configure:2718: $? = 0
configure:2729: result: yes
configure:2683: checking for unistd.h
configure:2699: gcc -c -g -O2  conftest.c >&5
configure:2705: $? = 0
configure:2709: test -z 
			 || test ! -s conftest.err
configure:2712: $? = 0
configure:2715: test -s conftest.o
configure:2718: $? = 0
configure:2729: result: yes
configure:2750: checking for stdlib.h
configure:2755: result: yes
configure:2750: checking for string.h
configure:2755: result: yes
configure:2759: checking sys/ioctl.h usability
configure:2771: gcc -c -g -O2  conftest.c >&5
configure:2777: $? = 0
configure:2781: test -z 
			 || test ! -s conftest.err
configure:2784: $? = 0
configure:2787: test -s conftest.o
configure:2790: $? = 0
configure:2800: result: yes
configure:2804: checking sys/ioctl.h presence
configure:2814: gcc -E  conftest.c
configure:2820: $? = 0
configure:2840: result: yes
configure:2875: checking for sys/ioctl.h
configure:2882: result: yes
configure:2759: checking sys/socket.h usability
configure:2771: gcc -c -g -O2  conftest.c >&5
configure:2777: $? = 0
configure:2781: test -z 
			 || test ! -s conftest.err
configure:2784: $? = 0
configure:2787: test -s conftest.o
configure:2790: $? = 0
configure:2800: result: yes
configure:2804: checking sys/socket.h presence
configure:2814: gcc -E  conftest.c
configure:2820: $? = 0
configure:2840: result: yes
configure:2875: checking for sys/socket.h
configure:2882: result: yes
configure:2750: checking for unistd.h
configure:2755: result: yes
configure:2897: checking whether time.h and sys/time.h may both be included
configure:2922: gcc -c -g -O2  conftest.c >&5
configure:2928: $? = 0
configure:2932: test -z 
			 || test ! -s conftest.err
configure:2935: $? = 0
configure:2938: test -s conftest.o
configure:2941: $? = 0
configure:2952: result: yes
configure:2965: checking whether gcc needs -traditional
configure:3007: result: no
configure:3019: checking for stdlib.h
configure:3024: result: yes
configure:3164: checking for GNU libc compatible malloc
configure:3193: gcc -o conftest -g -O2   conftest.c  >&5
configure:3196: $? = 0
configure:3198: ./conftest
configure:3201: $? = 0
configure:3215: result: yes
configure:3245: checking for working memcmp
configure:3293: gcc -o conftest -g -O2   conftest.c  >&5
configure:3296: $? = 0
configure:3298: ./conftest
configure:3301: $? = 0
configure:3315: result: yes
configure:3341: checking sys/select.h usability
configure:3353: gcc -c -g -O2  conftest.c >&5
configure:3359: $? = 0
configure:3363: test -z 
			 || test ! -s conftest.err
configure:3366: $? = 0
configure:3369: test -s conftest.o
configure:3372: $? = 0
configure:3382: result: yes
configure:3386: checking sys/select.h presence
configure:3396: gcc -E  conftest.c
configure:3402: $? = 0
configure:3422: result: yes
configure:3457: checking for sys/select.h
configure:3464: result: yes
configure:3332: checking for sys/socket.h
configure:3337: result: yes
configure:3477: checking types of arguments for select
configure:3510: gcc -c -g -O2  conftest.c >&5
configure:3516: $? = 0
configure:3520: test -z 
			 || test ! -s conftest.err
configure:3523: $? = 0
configure:3526: test -s conftest.o
configure:3529: $? = 0
configure:3545: result: int,fd_set *,struct timeval *
configure:3568: checking return type of signal handlers
configure:3599: gcc -c -g -O2  conftest.c >&5
configure:3605: $? = 0
configure:3609: test -z 
			 || test ! -s conftest.err
configure:3612: $? = 0
configure:3615: test -s conftest.o
configure:3618: $? = 0
configure:3629: result: void
configure:3645: checking for alarm
configure:3702: gcc -o conftest -g -O2   conftest.c  >&5
configure:3708: $? = 0
configure:3712: test -z 
			 || test ! -s conftest.err
configure:3715: $? = 0
configure:3718: test -s conftest
configure:3721: $? = 0
configure:3733: result: yes
configure:3645: checking for bzero
configure:3702: gcc -o conftest -g -O2   conftest.c  >&5
conftest.c:58: warning: conflicting types for built-in function 'bzero'
configure:3708: $? = 0
configure:3712: test -z 
			 || test ! -s conftest.err
configure:3715: $? = 0
configure:3718: test -s conftest
configure:3721: $? = 0
configure:3733: result: yes
configure:3645: checking for memset
configure:3702: gcc -o conftest -g -O2   conftest.c  >&5
conftest.c:59: warning: conflicting types for built-in function 'memset'
configure:3708: $? = 0
configure:3712: test -z 
			 || test ! -s conftest.err
configure:3715: $? = 0
configure:3718: test -s conftest
configure:3721: $? = 0
configure:3733: result: yes
configure:3645: checking for select
configure:3702: gcc -o conftest -g -O2   conftest.c  >&5
configure:3708: $? = 0
configure:3712: test -z 
			 || test ! -s conftest.err
configure:3715: $? = 0
configure:3718: test -s conftest
configure:3721: $? = 0
configure:3733: result: yes
configure:3645: checking for socket
configure:3702: gcc -o conftest -g -O2   conftest.c  >&5
configure:3708: $? = 0
configure:3712: test -z 
			 || test ! -s conftest.err
configure:3715: $? = 0
configure:3718: test -s conftest
configure:3721: $? = 0
configure:3733: result: yes
configure:3794: checking for a BSD-compatible install
configure:3849: result: /usr/bin/install -c
configure:3860: checking whether build environment is sane
configure:3903: result: yes
configure:3968: checking for gawk
configure:3984: found /bin/gawk
configure:3994: result: gawk
configure:4004: checking whether make sets $(MAKE)
configure:4024: result: yes
configure:4054: checking for style of include used by make
configure:4082: result: GNU
configure:4258: checking dependency style of gcc
configure:4348: result: gcc3
configure:4475: creating ./config.status

## ---------------------- ##
## Running config.status. ##
## ---------------------- ##

This file was extended by FULL-PACKAGE-NAME config.status VERSION, which was
generated by GNU Autoconf 2.59.  Invocation command line was

  CONFIG_FILES    = 
  CONFIG_HEADERS  = 
  CONFIG_LINKS    = 
  CONFIG_COMMANDS = 
  $ ./config.status 

on localhost.localdomain

config.status:689: creating Makefile
config.status:793: creating config.h
config.status:937: config.h is unchanged
config.status:1117: executing depfiles commands

## ---------------- ##
## Cache variables. ##
## ---------------- ##

ac_cv_c_compiler_gnu=yes
ac_cv_env_CC_set=
ac_cv_env_CC_value=
ac_cv_env_CFLAGS_set=
ac_cv_env_CFLAGS_value=
ac_cv_env_CPPFLAGS_set=
ac_cv_env_CPPFLAGS_value=
ac_cv_env_CPP_set=
ac_cv_env_CPP_value=
ac_cv_env_LDFLAGS_set=
ac_cv_env_LDFLAGS_value=
ac_cv_env_build_alias_set=
ac_cv_env_build_alias_value=
ac_cv_env_host_alias_set=
ac_cv_env_host_alias_value=
ac_cv_env_target_alias_set=
ac_cv_env_target_alias_value=
ac_cv_exeext=
ac_cv_func_alarm=yes
ac_cv_func_bzero=yes
ac_cv_func_malloc_0_nonnull=yes
ac_cv_func_memcmp_working=yes
ac_cv_func_memset=yes
ac_cv_func_select=yes
ac_cv_func_select_args='int,fd_set *,struct timeval *'
ac_cv_func_socket=yes
ac_cv_header_inttypes_h=yes
ac_cv_header_memory_h=yes
ac_cv_header_stdc=yes
ac_cv_header_stdint_h=yes
ac_cv_header_stdlib_h=yes
ac_cv_header_string_h=yes
ac_cv_header_strings_h=yes
ac_cv_header_sys_ioctl_h=yes
ac_cv_header_sys_select_h=yes
ac_cv_header_sys_socket_h=yes
ac_cv_header_sys_stat_h=yes
ac_cv_header_sys_types_h=yes
ac_cv_header_time=yes
ac_cv_header_unistd_h=yes
ac_cv_objext=o
ac_cv_path_install='/usr/bin/install -c'
ac_cv_prog_AWK=gawk
ac_cv_prog_CPP='gcc -E'
ac_cv_prog_ac_ct_CC=gcc
ac_cv_prog_cc_g=yes
ac_cv_prog_cc_stdc=
ac_cv_prog_egrep='grep -E'
ac_cv_prog_gcc_traditional=no
ac_cv_prog_make_make_set=yes
ac_cv_type_signal=void
am_cv_CC_dependencies_compiler_type=gcc3

## ----------------- ##
## Output variables. ##
## ----------------- ##

ACLOCAL='${SHELL} /root/Desktop/zulu/missing --run aclocal-1.9'
AMDEPBACKSLASH='\'
AMDEP_FALSE='#'
AMDEP_TRUE=''
AMTAR='${SHELL} /root/Desktop/zulu/missing --run tar'
AUTOCONF='${SHELL} /root/Desktop/zulu/missing --run autoconf'
AUTOHEADER='${SHELL} /root/Desktop/zulu/missing --run autoheader'
AUTOMAKE='${SHELL} /root/Desktop/zulu/missing --run automake-1.9'
AWK='gawk'
CC='gcc'
CCDEPMODE='depmode=gcc3'
CFLAGS='-g -O2'
CPP='gcc -E'
CPPFLAGS=''
CYGPATH_W='echo'
DEFS='-DHAVE_CONFIG_H'
DEPDIR='.deps'
ECHO_C=''
ECHO_N='-n'
ECHO_T=''
EGREP='grep -E'
EXEEXT=''
INSTALL_DATA='${INSTALL} -m 644'
INSTALL_PROGRAM='${INSTALL}'
INSTALL_SCRIPT='${INSTALL}'
INSTALL_STRIP_PROGRAM='${SHELL} $(install_sh) -c -s'
LDFLAGS=''
LIBOBJS=''
LIBS=''
LTLIBOBJS=''
MAKEINFO='${SHELL} /root/Desktop/zulu/missing --run makeinfo'
OBJEXT='o'
PACKAGE='full-package-name'
PACKAGE_BUGREPORT='BUG-REPORT-ADDRESS'
PACKAGE_NAME='FULL-PACKAGE-NAME'
PACKAGE_STRING='FULL-PACKAGE-NAME VERSION'
PACKAGE_TARNAME='full-package-name'
PACKAGE_VERSION='VERSION'
PATH_SEPARATOR=':'
SET_MAKE=''
SHELL='/bin/sh'
STRIP=''
VERSION='VERSION'
ac_ct_CC='gcc'
ac_ct_STRIP=''
am__fastdepCC_FALSE='#'
am__fastdepCC_TRUE=''
am__include='include'
am__leading_dot='.'
am__quote=''
am__tar='${AMTAR} chof - "$$tardir"'
am__untar='${AMTAR} xf -'
bindir='${exec_prefix}/bin'
build_alias=''
datadir='${prefix}/share'
exec_prefix='${prefix}'
host_alias=''
includedir='${prefix}/include'
infodir='${prefix}/info'
install_sh='/root/Desktop/zulu/install-sh'
libdir='${exec_prefix}/lib'
libexecdir='${exec_prefix}/libexec'
localstatedir='${prefix}/var'
mandir='${prefix}/man'
mkdir_p='mkdir -p --'
oldincludedir='/usr/include'
prefix='/usr/local'
program_transform_name='s,x,x,'
sbindir='${exec_prefix}/sbin'
sharedstatedir='${prefix}/com'
sysconfdir='${prefix}/etc'
target_alias=''

## ----------- ##
## confdefs.h. ##
## ----------- ##

#define HAVE_ALARM 1
#define HAVE_BZERO 1
#define HAVE_INTTYPES_H 1
#define HAVE_MALLOC 1
#define HAVE_MEMORY_H 1
#define HAVE_MEMSET 1
#define HAVE_SELECT 1
#define HAVE_SOCKET 1
#define HAVE_STDINT_H 1
#define HAVE_STDLIB_H 1
#define HAVE_STDLIB_H 1
#define HAVE_STDLIB_H 1
#define HAVE_STRINGS_H 1
#define HAVE_STRING_H 1
#define HAVE_STRING_H 1
#define HAVE_SYS_IOCTL_H 1
#define HAVE_SYS_SELECT_H 1
#define HAVE_SYS_SOCKET_H 1
#define HAVE_SYS_SOCKET_H 1
#define HAVE_SYS_STAT_H 1
#define HAVE_SYS_TYPES_H 1
#define HAVE_UNISTD_H 1
#define HAVE_UNISTD_H 1
#define PACKAGE "full-package-name"
#define PACKAGE_BUGREPORT "BUG-REPORT-ADDRESS"
#define PACKAGE_NAME "FULL-PACKAGE-NAME"
#define PACKAGE_STRING "FULL-PACKAGE-NAME VERSION"
#define PACKAGE_TARNAME "full-package-name"
#define PACKAGE_VERSION "VERSION"
#define RETSIGTYPE void
#define SELECT_TYPE_ARG1 int
#define SELECT_TYPE_ARG234 (fd_set *)
#define SELECT_TYPE_ARG5 (struct timeval *)
#define STDC_HEADERS 1
#define TIME_WITH_SYS_TIME 1
#define VERSION "VERSION"

configure: exit 0
